[debug] [2020-04-20T17:35:37.872Z] ----------------------------------------------------------------------
[debug] [2020-04-20T17:35:37.874Z] Command:       C:\Program Files\nodejs\node.exe C:\Users\Ajay Sharvesh\AppData\Roaming\npm\node_modules\firebase-tools\lib\bin\firebase.js deploy -P dev
[debug] [2020-04-20T17:35:37.875Z] CLI Version:   8.0.2
[debug] [2020-04-20T17:35:37.875Z] Platform:      win32
[debug] [2020-04-20T17:35:37.875Z] Node Version:  v10.16.3
[debug] [2020-04-20T17:35:37.876Z] Time:          Mon Apr 20 2020 23:05:37 GMT+0530 (India Standard Time)
[debug] [2020-04-20T17:35:37.876Z] ----------------------------------------------------------------------
[debug] [2020-04-20T17:35:37.876Z] 
[debug] [2020-04-20T17:35:37.889Z] > command requires scopes: ["email","openid","https://www.googleapis.com/auth/cloudplatformprojects.readonly","https://www.googleapis.com/auth/firebase","https://www.googleapis.com/auth/cloud-platform"]
[debug] [2020-04-20T17:35:37.890Z] > authorizing via signed-in user
[debug] [2020-04-20T17:35:37.890Z] [iam] checking project app-shrubsink for permissions ["cloudfunctions.functions.create","cloudfunctions.functions.delete","cloudfunctions.functions.get","cloudfunctions.functions.list","cloudfunctions.functions.update","cloudfunctions.operations.get","datastore.indexes.create","datastore.indexes.delete","datastore.indexes.list","datastore.indexes.update","firebase.projects.get","firebasehosting.sites.update","firebaserules.releases.create","firebaserules.releases.update","firebaserules.rulesets.create"]
[debug] [2020-04-20T17:35:37.892Z] >>> HTTP REQUEST POST https://cloudresourcemanager.googleapis.com/v1/projects/app-shrubsink:testIamPermissions  
 {"permissions":["cloudfunctions.functions.create","cloudfunctions.functions.delete","cloudfunctions.functions.get","cloudfunctions.functions.list","cloudfunctions.functions.update","cloudfunctions.operations.get","datastore.indexes.create","datastore.indexes.delete","datastore.indexes.list","datastore.indexes.update","firebase.projects.get","firebasehosting.sites.update","firebaserules.releases.create","firebaserules.releases.update","firebaserules.rulesets.create"]}
[debug] [2020-04-20T17:35:38.241Z] <<< HTTP RESPONSE 200 {"content-type":"application/json; charset=UTF-8","vary":"X-Origin, Referer, Origin,Accept-Encoding","date":"Mon, 20 Apr 2020 17:35:39 GMT","server":"ESF","cache-control":"private","x-xss-protection":"0","x-frame-options":"SAMEORIGIN","x-content-type-options":"nosniff","server-timing":"gfet4t7; dur=230","alt-svc":"quic=\":443\"; ma=2592000; v=\"46,43\",h3-Q050=\":443\"; ma=2592000,h3-Q049=\":443\"; ma=2592000,h3-Q048=\":443\"; ma=2592000,h3-Q046=\":443\"; ma=2592000,h3-Q043=\":443\"; ma=2592000,h3-T050=\":443\"; ma=2592000","accept-ranges":"none","transfer-encoding":"chunked"}
[debug] [2020-04-20T17:35:38.245Z] >>> HTTP REQUEST POST https://iam.googleapis.com/v1/projects/app-shrubsink/serviceAccounts/app-shrubsink@appspot.gserviceaccount.com:testIamPermissions  
 {"permissions":["iam.serviceAccounts.actAs"]}
[debug] [2020-04-20T17:35:39.160Z] Error: EPERM: operation not permitted, rename 'C:\Users\Ajay Sharvesh\.config\configstore\firebase-tools.json.3716799182' -> 'C:\Users\Ajay Sharvesh\.config\configstore\firebase-tools.json'
    at Object.renameSync (fs.js:598:3)
    at Function.writeFileSync [as sync] (C:\Users\Ajay Sharvesh\AppData\Roaming\npm\node_modules\firebase-tools\node_modules\write-file-atomic\index.js:244:8)
    at Configstore.set all [as all] (C:\Users\Ajay Sharvesh\AppData\Roaming\npm\node_modules\firebase-tools\node_modules\configstore\index.js:61:20)
    at Configstore.set (C:\Users\Ajay Sharvesh\AppData\Roaming\npm\node_modules\firebase-tools\node_modules\configstore\index.js:91:12)
    at Request.request [as _callback] (C:\Users\Ajay Sharvesh\AppData\Roaming\npm\node_modules\firebase-tools\lib\fetchMOTD.js:41:39)
    at Request.self.callback (C:\Users\Ajay Sharvesh\AppData\Roaming\npm\node_modules\firebase-tools\node_modules\request\request.js:185:22)
    at Request.emit (events.js:198:13)
    at Request.EventEmitter.emit (domain.js:448:20)
    at Request.<anonymous> (C:\Users\Ajay Sharvesh\AppData\Roaming\npm\node_modules\firebase-tools\node_modules\request\request.js:1154:10)
    at Request.emit (events.js:198:13)
    at Request.EventEmitter.emit (domain.js:448:20)
    at IncomingMessage.<anonymous> (C:\Users\Ajay Sharvesh\AppData\Roaming\npm\node_modules\firebase-tools\node_modules\request\request.js:1076:12)
    at Object.onceWrapper (events.js:286:20)
    at IncomingMessage.emit (events.js:203:15)
    at IncomingMessage.EventEmitter.emit (domain.js:448:20)
    at endReadableNT (_stream_readable.js:1145:12)
[error] 
[error] Error: An unexpected error has occurred.
